<?xml version="1.0" encoding="UTF-8"?>
<testsuite xmlns:xsi="http://www.w3.org/2001/XMLSchema-instance" xsi:noNamespaceSchemaLocation="https://maven.apache.org/surefire/maven-surefire-plugin/xsd/surefire-test-report.xsd" name="com.swust.glsc.user.GlscUserApplicationTests" time="0.246" tests="3" errors="3" skipped="0" failures="0">
  <properties>
    <property name="sun.desktop" value="windows"/>
    <property name="awt.toolkit" value="sun.awt.windows.WToolkit"/>
    <property name="file.encoding.pkg" value="sun.io"/>
    <property name="java.specification.version" value="1.8"/>
    <property name="sun.cpu.isalist" value="amd64"/>
    <property name="sun.jnu.encoding" value="GBK"/>
    <property name="java.class.path" value="E:\git\glsc-user\target\test-classes;E:\git\glsc-user\target\classes;D:\Maven\repo\m2\org\springframework\boot\spring-boot-starter-jdbc\2.0.0.RELEASE\spring-boot-starter-jdbc-2.0.0.RELEASE.jar;D:\Maven\repo\m2\org\springframework\boot\spring-boot-starter\2.0.0.RELEASE\spring-boot-starter-2.0.0.RELEASE.jar;D:\Maven\repo\m2\org\springframework\boot\spring-boot\2.0.0.RELEASE\spring-boot-2.0.0.RELEASE.jar;D:\Maven\repo\m2\org\springframework\boot\spring-boot-autoconfigure\2.0.0.RELEASE\spring-boot-autoconfigure-2.0.0.RELEASE.jar;D:\Maven\repo\m2\org\springframework\boot\spring-boot-starter-logging\2.0.0.RELEASE\spring-boot-starter-logging-2.0.0.RELEASE.jar;D:\Maven\repo\m2\ch\qos\logback\logback-classic\1.2.3\logback-classic-1.2.3.jar;D:\Maven\repo\m2\ch\qos\logback\logback-core\1.2.3\logback-core-1.2.3.jar;D:\Maven\repo\m2\org\apache\logging\log4j\log4j-to-slf4j\2.10.0\log4j-to-slf4j-2.10.0.jar;D:\Maven\repo\m2\org\apache\logging\log4j\log4j-api\2.10.0\log4j-api-2.10.0.jar;D:\Maven\repo\m2\org\slf4j\jul-to-slf4j\1.7.25\jul-to-slf4j-1.7.25.jar;D:\Maven\repo\m2\javax\annotation\javax.annotation-api\1.3.2\javax.annotation-api-1.3.2.jar;D:\Maven\repo\m2\org\yaml\snakeyaml\1.19\snakeyaml-1.19.jar;D:\Maven\repo\m2\com\zaxxer\HikariCP\2.7.8\HikariCP-2.7.8.jar;D:\Maven\repo\m2\org\slf4j\slf4j-api\1.7.25\slf4j-api-1.7.25.jar;D:\Maven\repo\m2\org\springframework\spring-jdbc\5.0.4.RELEASE\spring-jdbc-5.0.4.RELEASE.jar;D:\Maven\repo\m2\org\springframework\spring-beans\5.0.4.RELEASE\spring-beans-5.0.4.RELEASE.jar;D:\Maven\repo\m2\org\springframework\spring-tx\5.0.4.RELEASE\spring-tx-5.0.4.RELEASE.jar;D:\Maven\repo\m2\org\springframework\boot\spring-boot-starter-web\2.0.0.RELEASE\spring-boot-starter-web-2.0.0.RELEASE.jar;D:\Maven\repo\m2\org\springframework\boot\spring-boot-starter-json\2.0.0.RELEASE\spring-boot-starter-json-2.0.0.RELEASE.jar;D:\Maven\repo\m2\com\fasterxml\jackson\core\jackson-databind\2.9.4\jackson-databind-2.9.4.jar;D:\Maven\repo\m2\com\fasterxml\jackson\core\jackson-annotations\2.9.0\jackson-annotations-2.9.0.jar;D:\Maven\repo\m2\com\fasterxml\jackson\core\jackson-core\2.9.4\jackson-core-2.9.4.jar;D:\Maven\repo\m2\com\fasterxml\jackson\datatype\jackson-datatype-jdk8\2.9.4\jackson-datatype-jdk8-2.9.4.jar;D:\Maven\repo\m2\com\fasterxml\jackson\datatype\jackson-datatype-jsr310\2.9.4\jackson-datatype-jsr310-2.9.4.jar;D:\Maven\repo\m2\com\fasterxml\jackson\module\jackson-module-parameter-names\2.9.4\jackson-module-parameter-names-2.9.4.jar;D:\Maven\repo\m2\org\springframework\boot\spring-boot-starter-tomcat\2.0.0.RELEASE\spring-boot-starter-tomcat-2.0.0.RELEASE.jar;D:\Maven\repo\m2\org\apache\tomcat\embed\tomcat-embed-core\8.5.28\tomcat-embed-core-8.5.28.jar;D:\Maven\repo\m2\org\apache\tomcat\embed\tomcat-embed-el\8.5.28\tomcat-embed-el-8.5.28.jar;D:\Maven\repo\m2\org\apache\tomcat\embed\tomcat-embed-websocket\8.5.28\tomcat-embed-websocket-8.5.28.jar;D:\Maven\repo\m2\org\hibernate\validator\hibernate-validator\6.0.7.Final\hibernate-validator-6.0.7.Final.jar;D:\Maven\repo\m2\javax\validation\validation-api\2.0.1.Final\validation-api-2.0.1.Final.jar;D:\Maven\repo\m2\org\jboss\logging\jboss-logging\3.3.2.Final\jboss-logging-3.3.2.Final.jar;D:\Maven\repo\m2\com\fasterxml\classmate\1.3.4\classmate-1.3.4.jar;D:\Maven\repo\m2\org\springframework\spring-web\5.0.4.RELEASE\spring-web-5.0.4.RELEASE.jar;D:\Maven\repo\m2\org\springframework\spring-webmvc\5.0.4.RELEASE\spring-webmvc-5.0.4.RELEASE.jar;D:\Maven\repo\m2\org\springframework\spring-aop\5.0.4.RELEASE\spring-aop-5.0.4.RELEASE.jar;D:\Maven\repo\m2\org\springframework\spring-context\5.0.4.RELEASE\spring-context-5.0.4.RELEASE.jar;D:\Maven\repo\m2\org\springframework\spring-expression\5.0.4.RELEASE\spring-expression-5.0.4.RELEASE.jar;D:\Maven\repo\m2\org\mybatis\spring\boot\mybatis-spring-boot-starter\2.1.2\mybatis-spring-boot-starter-2.1.2.jar;D:\Maven\repo\m2\org\mybatis\spring\boot\mybatis-spring-boot-autoconfigure\2.1.2\mybatis-spring-boot-autoconfigure-2.1.2.jar;D:\Maven\repo\m2\org\mybatis\mybatis\3.5.4\mybatis-3.5.4.jar;D:\Maven\repo\m2\org\mybatis\mybatis-spring\2.0.4\mybatis-spring-2.0.4.jar;D:\Maven\repo\m2\tk\mybatis\mapper-spring-boot-starter\2.1.5\mapper-spring-boot-starter-2.1.5.jar;D:\Maven\repo\m2\tk\mybatis\mapper-core\1.1.5\mapper-core-1.1.5.jar;D:\Maven\repo\m2\javax\persistence\persistence-api\1.0\persistence-api-1.0.jar;D:\Maven\repo\m2\tk\mybatis\mapper-base\1.1.5\mapper-base-1.1.5.jar;D:\Maven\repo\m2\tk\mybatis\mapper-weekend\1.1.5\mapper-weekend-1.1.5.jar;D:\Maven\repo\m2\tk\mybatis\mapper-spring\1.1.5\mapper-spring-1.1.5.jar;D:\Maven\repo\m2\tk\mybatis\mapper-extra\1.1.5\mapper-extra-1.1.5.jar;D:\Maven\repo\m2\tk\mybatis\mapper-spring-boot-autoconfigure\2.1.5\mapper-spring-boot-autoconfigure-2.1.5.jar;D:\Maven\repo\m2\mysql\mysql-connector-java\5.1.45\mysql-connector-java-5.1.45.jar;D:\Maven\repo\m2\org\springframework\boot\spring-boot-starter-test\2.0.0.RELEASE\spring-boot-starter-test-2.0.0.RELEASE.jar;D:\Maven\repo\m2\org\springframework\boot\spring-boot-test\2.0.0.RELEASE\spring-boot-test-2.0.0.RELEASE.jar;D:\Maven\repo\m2\org\springframework\boot\spring-boot-test-autoconfigure\2.0.0.RELEASE\spring-boot-test-autoconfigure-2.0.0.RELEASE.jar;D:\Maven\repo\m2\com\jayway\jsonpath\json-path\2.4.0\json-path-2.4.0.jar;D:\Maven\repo\m2\net\minidev\json-smart\2.3\json-smart-2.3.jar;D:\Maven\repo\m2\net\minidev\accessors-smart\1.2\accessors-smart-1.2.jar;D:\Maven\repo\m2\org\ow2\asm\asm\5.0.4\asm-5.0.4.jar;D:\Maven\repo\m2\junit\junit\4.12\junit-4.12.jar;D:\Maven\repo\m2\org\assertj\assertj-core\3.9.1\assertj-core-3.9.1.jar;D:\Maven\repo\m2\org\mockito\mockito-core\2.15.0\mockito-core-2.15.0.jar;D:\Maven\repo\m2\net\bytebuddy\byte-buddy\1.7.10\byte-buddy-1.7.10.jar;D:\Maven\repo\m2\net\bytebuddy\byte-buddy-agent\1.7.10\byte-buddy-agent-1.7.10.jar;D:\Maven\repo\m2\org\objenesis\objenesis\2.6\objenesis-2.6.jar;D:\Maven\repo\m2\org\hamcrest\hamcrest-core\1.3\hamcrest-core-1.3.jar;D:\Maven\repo\m2\org\hamcrest\hamcrest-library\1.3\hamcrest-library-1.3.jar;D:\Maven\repo\m2\org\skyscreamer\jsonassert\1.5.0\jsonassert-1.5.0.jar;D:\Maven\repo\m2\com\vaadin\external\google\android-json\0.0.20131108.vaadin1\android-json-0.0.20131108.vaadin1.jar;D:\Maven\repo\m2\org\springframework\spring-core\5.0.4.RELEASE\spring-core-5.0.4.RELEASE.jar;D:\Maven\repo\m2\org\springframework\spring-jcl\5.0.4.RELEASE\spring-jcl-5.0.4.RELEASE.jar;D:\Maven\repo\m2\org\springframework\spring-test\5.0.4.RELEASE\spring-test-5.0.4.RELEASE.jar;D:\Maven\repo\m2\org\xmlunit\xmlunit-core\2.5.1\xmlunit-core-2.5.1.jar;D:\Maven\repo\m2\com\sun\mail\javax.mail\1.6.2\javax.mail-1.6.2.jar;D:\Maven\repo\m2\javax\activation\activation\1.1\activation-1.1.jar;"/>
    <property name="java.vm.vendor" value="Oracle Corporation"/>
    <property name="sun.arch.data.model" value="64"/>
    <property name="user.variant" value=""/>
    <property name="java.vendor.url" value="http://java.oracle.com/"/>
    <property name="user.timezone" value=""/>
    <property name="java.vm.specification.version" value="1.8"/>
    <property name="os.name" value="Windows 10"/>
    <property name="user.country" value="CN"/>
    <property name="sun.java.launcher" value="SUN_STANDARD"/>
    <property name="sun.boot.library.path" value="D:\software\java18\jdk18\jre\bin"/>
    <property name="sun.java.command" value="C:\Users\ADMINI~1\AppData\Local\Temp\surefire9106711584951853768\surefirebooter3810983604338715403.jar C:\Users\Administrator\AppData\Local\Temp\surefire9106711584951853768 2020-04-01T22-00-59_557-jvmRun1 surefire6044138034678064412tmp surefire_02314987970855120505tmp"/>
    <property name="surefire.test.class.path" value="E:\git\glsc-user\target\test-classes;E:\git\glsc-user\target\classes;D:\Maven\repo\m2\org\springframework\boot\spring-boot-starter-jdbc\2.0.0.RELEASE\spring-boot-starter-jdbc-2.0.0.RELEASE.jar;D:\Maven\repo\m2\org\springframework\boot\spring-boot-starter\2.0.0.RELEASE\spring-boot-starter-2.0.0.RELEASE.jar;D:\Maven\repo\m2\org\springframework\boot\spring-boot\2.0.0.RELEASE\spring-boot-2.0.0.RELEASE.jar;D:\Maven\repo\m2\org\springframework\boot\spring-boot-autoconfigure\2.0.0.RELEASE\spring-boot-autoconfigure-2.0.0.RELEASE.jar;D:\Maven\repo\m2\org\springframework\boot\spring-boot-starter-logging\2.0.0.RELEASE\spring-boot-starter-logging-2.0.0.RELEASE.jar;D:\Maven\repo\m2\ch\qos\logback\logback-classic\1.2.3\logback-classic-1.2.3.jar;D:\Maven\repo\m2\ch\qos\logback\logback-core\1.2.3\logback-core-1.2.3.jar;D:\Maven\repo\m2\org\apache\logging\log4j\log4j-to-slf4j\2.10.0\log4j-to-slf4j-2.10.0.jar;D:\Maven\repo\m2\org\apache\logging\log4j\log4j-api\2.10.0\log4j-api-2.10.0.jar;D:\Maven\repo\m2\org\slf4j\jul-to-slf4j\1.7.25\jul-to-slf4j-1.7.25.jar;D:\Maven\repo\m2\javax\annotation\javax.annotation-api\1.3.2\javax.annotation-api-1.3.2.jar;D:\Maven\repo\m2\org\yaml\snakeyaml\1.19\snakeyaml-1.19.jar;D:\Maven\repo\m2\com\zaxxer\HikariCP\2.7.8\HikariCP-2.7.8.jar;D:\Maven\repo\m2\org\slf4j\slf4j-api\1.7.25\slf4j-api-1.7.25.jar;D:\Maven\repo\m2\org\springframework\spring-jdbc\5.0.4.RELEASE\spring-jdbc-5.0.4.RELEASE.jar;D:\Maven\repo\m2\org\springframework\spring-beans\5.0.4.RELEASE\spring-beans-5.0.4.RELEASE.jar;D:\Maven\repo\m2\org\springframework\spring-tx\5.0.4.RELEASE\spring-tx-5.0.4.RELEASE.jar;D:\Maven\repo\m2\org\springframework\boot\spring-boot-starter-web\2.0.0.RELEASE\spring-boot-starter-web-2.0.0.RELEASE.jar;D:\Maven\repo\m2\org\springframework\boot\spring-boot-starter-json\2.0.0.RELEASE\spring-boot-starter-json-2.0.0.RELEASE.jar;D:\Maven\repo\m2\com\fasterxml\jackson\core\jackson-databind\2.9.4\jackson-databind-2.9.4.jar;D:\Maven\repo\m2\com\fasterxml\jackson\core\jackson-annotations\2.9.0\jackson-annotations-2.9.0.jar;D:\Maven\repo\m2\com\fasterxml\jackson\core\jackson-core\2.9.4\jackson-core-2.9.4.jar;D:\Maven\repo\m2\com\fasterxml\jackson\datatype\jackson-datatype-jdk8\2.9.4\jackson-datatype-jdk8-2.9.4.jar;D:\Maven\repo\m2\com\fasterxml\jackson\datatype\jackson-datatype-jsr310\2.9.4\jackson-datatype-jsr310-2.9.4.jar;D:\Maven\repo\m2\com\fasterxml\jackson\module\jackson-module-parameter-names\2.9.4\jackson-module-parameter-names-2.9.4.jar;D:\Maven\repo\m2\org\springframework\boot\spring-boot-starter-tomcat\2.0.0.RELEASE\spring-boot-starter-tomcat-2.0.0.RELEASE.jar;D:\Maven\repo\m2\org\apache\tomcat\embed\tomcat-embed-core\8.5.28\tomcat-embed-core-8.5.28.jar;D:\Maven\repo\m2\org\apache\tomcat\embed\tomcat-embed-el\8.5.28\tomcat-embed-el-8.5.28.jar;D:\Maven\repo\m2\org\apache\tomcat\embed\tomcat-embed-websocket\8.5.28\tomcat-embed-websocket-8.5.28.jar;D:\Maven\repo\m2\org\hibernate\validator\hibernate-validator\6.0.7.Final\hibernate-validator-6.0.7.Final.jar;D:\Maven\repo\m2\javax\validation\validation-api\2.0.1.Final\validation-api-2.0.1.Final.jar;D:\Maven\repo\m2\org\jboss\logging\jboss-logging\3.3.2.Final\jboss-logging-3.3.2.Final.jar;D:\Maven\repo\m2\com\fasterxml\classmate\1.3.4\classmate-1.3.4.jar;D:\Maven\repo\m2\org\springframework\spring-web\5.0.4.RELEASE\spring-web-5.0.4.RELEASE.jar;D:\Maven\repo\m2\org\springframework\spring-webmvc\5.0.4.RELEASE\spring-webmvc-5.0.4.RELEASE.jar;D:\Maven\repo\m2\org\springframework\spring-aop\5.0.4.RELEASE\spring-aop-5.0.4.RELEASE.jar;D:\Maven\repo\m2\org\springframework\spring-context\5.0.4.RELEASE\spring-context-5.0.4.RELEASE.jar;D:\Maven\repo\m2\org\springframework\spring-expression\5.0.4.RELEASE\spring-expression-5.0.4.RELEASE.jar;D:\Maven\repo\m2\org\mybatis\spring\boot\mybatis-spring-boot-starter\2.1.2\mybatis-spring-boot-starter-2.1.2.jar;D:\Maven\repo\m2\org\mybatis\spring\boot\mybatis-spring-boot-autoconfigure\2.1.2\mybatis-spring-boot-autoconfigure-2.1.2.jar;D:\Maven\repo\m2\org\mybatis\mybatis\3.5.4\mybatis-3.5.4.jar;D:\Maven\repo\m2\org\mybatis\mybatis-spring\2.0.4\mybatis-spring-2.0.4.jar;D:\Maven\repo\m2\tk\mybatis\mapper-spring-boot-starter\2.1.5\mapper-spring-boot-starter-2.1.5.jar;D:\Maven\repo\m2\tk\mybatis\mapper-core\1.1.5\mapper-core-1.1.5.jar;D:\Maven\repo\m2\javax\persistence\persistence-api\1.0\persistence-api-1.0.jar;D:\Maven\repo\m2\tk\mybatis\mapper-base\1.1.5\mapper-base-1.1.5.jar;D:\Maven\repo\m2\tk\mybatis\mapper-weekend\1.1.5\mapper-weekend-1.1.5.jar;D:\Maven\repo\m2\tk\mybatis\mapper-spring\1.1.5\mapper-spring-1.1.5.jar;D:\Maven\repo\m2\tk\mybatis\mapper-extra\1.1.5\mapper-extra-1.1.5.jar;D:\Maven\repo\m2\tk\mybatis\mapper-spring-boot-autoconfigure\2.1.5\mapper-spring-boot-autoconfigure-2.1.5.jar;D:\Maven\repo\m2\mysql\mysql-connector-java\5.1.45\mysql-connector-java-5.1.45.jar;D:\Maven\repo\m2\org\springframework\boot\spring-boot-starter-test\2.0.0.RELEASE\spring-boot-starter-test-2.0.0.RELEASE.jar;D:\Maven\repo\m2\org\springframework\boot\spring-boot-test\2.0.0.RELEASE\spring-boot-test-2.0.0.RELEASE.jar;D:\Maven\repo\m2\org\springframework\boot\spring-boot-test-autoconfigure\2.0.0.RELEASE\spring-boot-test-autoconfigure-2.0.0.RELEASE.jar;D:\Maven\repo\m2\com\jayway\jsonpath\json-path\2.4.0\json-path-2.4.0.jar;D:\Maven\repo\m2\net\minidev\json-smart\2.3\json-smart-2.3.jar;D:\Maven\repo\m2\net\minidev\accessors-smart\1.2\accessors-smart-1.2.jar;D:\Maven\repo\m2\org\ow2\asm\asm\5.0.4\asm-5.0.4.jar;D:\Maven\repo\m2\junit\junit\4.12\junit-4.12.jar;D:\Maven\repo\m2\org\assertj\assertj-core\3.9.1\assertj-core-3.9.1.jar;D:\Maven\repo\m2\org\mockito\mockito-core\2.15.0\mockito-core-2.15.0.jar;D:\Maven\repo\m2\net\bytebuddy\byte-buddy\1.7.10\byte-buddy-1.7.10.jar;D:\Maven\repo\m2\net\bytebuddy\byte-buddy-agent\1.7.10\byte-buddy-agent-1.7.10.jar;D:\Maven\repo\m2\org\objenesis\objenesis\2.6\objenesis-2.6.jar;D:\Maven\repo\m2\org\hamcrest\hamcrest-core\1.3\hamcrest-core-1.3.jar;D:\Maven\repo\m2\org\hamcrest\hamcrest-library\1.3\hamcrest-library-1.3.jar;D:\Maven\repo\m2\org\skyscreamer\jsonassert\1.5.0\jsonassert-1.5.0.jar;D:\Maven\repo\m2\com\vaadin\external\google\android-json\0.0.20131108.vaadin1\android-json-0.0.20131108.vaadin1.jar;D:\Maven\repo\m2\org\springframework\spring-core\5.0.4.RELEASE\spring-core-5.0.4.RELEASE.jar;D:\Maven\repo\m2\org\springframework\spring-jcl\5.0.4.RELEASE\spring-jcl-5.0.4.RELEASE.jar;D:\Maven\repo\m2\org\springframework\spring-test\5.0.4.RELEASE\spring-test-5.0.4.RELEASE.jar;D:\Maven\repo\m2\org\xmlunit\xmlunit-core\2.5.1\xmlunit-core-2.5.1.jar;D:\Maven\repo\m2\com\sun\mail\javax.mail\1.6.2\javax.mail-1.6.2.jar;D:\Maven\repo\m2\javax\activation\activation\1.1\activation-1.1.jar;"/>
    <property name="sun.cpu.endian" value="little"/>
    <property name="user.home" value="C:\Users\Administrator"/>
    <property name="user.language" value="zh"/>
    <property name="java.specification.vendor" value="Oracle Corporation"/>
    <property name="java.home" value="D:\software\java18\jdk18\jre"/>
    <property name="basedir" value="E:\git\glsc-user"/>
    <property name="file.separator" value="\"/>
    <property name="line.separator" value="&#10;"/>
    <property name="java.vm.specification.vendor" value="Oracle Corporation"/>
    <property name="java.specification.name" value="Java Platform API Specification"/>
    <property name="java.awt.graphicsenv" value="sun.awt.Win32GraphicsEnvironment"/>
    <property name="surefire.real.class.path" value="C:\Users\ADMINI~1\AppData\Local\Temp\surefire9106711584951853768\surefirebooter3810983604338715403.jar"/>
    <property name="sun.boot.class.path" value="D:\software\java18\jdk18\jre\lib\resources.jar;D:\software\java18\jdk18\jre\lib\rt.jar;D:\software\java18\jdk18\jre\lib\sunrsasign.jar;D:\software\java18\jdk18\jre\lib\jsse.jar;D:\software\java18\jdk18\jre\lib\jce.jar;D:\software\java18\jdk18\jre\lib\charsets.jar;D:\software\java18\jdk18\jre\lib\jfr.jar;D:\software\java18\jdk18\jre\classes"/>
    <property name="user.script" value=""/>
    <property name="sun.management.compiler" value="HotSpot 64-Bit Tiered Compilers"/>
    <property name="java.runtime.version" value="1.8.0_181-b13"/>
    <property name="user.name" value="Administrator"/>
    <property name="path.separator" value=";"/>
    <property name="os.version" value="10.0"/>
    <property name="java.endorsed.dirs" value="D:\software\java18\jdk18\jre\lib\endorsed"/>
    <property name="java.runtime.name" value="Java(TM) SE Runtime Environment"/>
    <property name="file.encoding" value="GBK"/>
    <property name="java.vm.name" value="Java HotSpot(TM) 64-Bit Server VM"/>
    <property name="localRepository" value="D:\Maven\repo\m2"/>
    <property name="java.vendor.url.bug" value="http://bugreport.sun.com/bugreport/"/>
    <property name="java.io.tmpdir" value="C:\Users\ADMINI~1\AppData\Local\Temp\"/>
    <property name="idea.version" value="2018.2.3"/>
    <property name="java.version" value="1.8.0_181"/>
    <property name="user.dir" value="E:\git\glsc-user"/>
    <property name="os.arch" value="amd64"/>
    <property name="java.vm.specification.name" value="Java Virtual Machine Specification"/>
    <property name="java.awt.printerjob" value="sun.awt.windows.WPrinterJob"/>
    <property name="sun.os.patch.level" value=""/>
    <property name="java.library.path" value="D:\software\java18\jdk18\jre\bin;C:\Windows\Sun\Java\bin;C:\Windows\system32;C:\Windows;D:\xftp\;C:\Program Files (x86)\Razer\ChromaBroadcast\bin;C:\Program Files\Razer\ChromaBroadcast\bin;C:\Windows\system32;C:\Windows;C:\Windows\System32\Wbem;C:\Windows\System32\WindowsPowerShell\v1.0\;C:\Windows\System32\OpenSSH\;D:\software\java18\jdk18\bin;D:\software\maven\bin;C:\Program Files\TortoiseSVN\bin;C:\Program Files (x86)\NVIDIA Corporation\PhysX\Common;C:\Program Files\NVIDIA Corporation\NVIDIA NvDLISR;D:\software\Anaconda3.5;D:\software\Anaconda3.5\Scripts;C:\Windows\system32\config\systemprofile\AppData\Local\Microsoft\WindowsApps;C:\ProgramData\chocolatey\bin;D:\software\nodejs\node_global;D:\Program Files\nodejs\;D:\Program Files\nodejs\X64\node_global\node_modules;D:\software\Git\cmd;D:\software\Git\mingw64\bin;D:\software\Git\usr\bin;C:\Users\Administrator\AppData\Local\Microsoft\WindowsApps;C:\Users\Administrator\AppData\Roaming\npm;D:\software\Microsoft VS Code\bin;."/>
    <property name="java.vm.info" value="mixed mode"/>
    <property name="java.vendor" value="Oracle Corporation"/>
    <property name="java.vm.version" value="25.181-b13"/>
    <property name="java.ext.dirs" value="D:\software\java18\jdk18\jre\lib\ext;C:\Windows\Sun\Java\lib\ext"/>
    <property name="sun.io.unicode.encoding" value="UnicodeLittle"/>
    <property name="java.class.version" value="52.0"/>
  </properties>
  <testcase name="initializationError" classname="com.swust.glsc.user.GlscUserApplicationTests" time="0.011">
    <error message="The class com.swust.glsc.user.GlscUserApplicationTests is not public." type="java.lang.Exception">java.lang.Exception: The class com.swust.glsc.user.GlscUserApplicationTests is not public.
</error>
  </testcase>
  <testcase name="initializationError" classname="com.swust.glsc.user.GlscUserApplicationTests" time="0">
    <error message="Test class should have exactly one public constructor" type="java.lang.Exception">java.lang.Exception: Test class should have exactly one public constructor
</error>
  </testcase>
  <testcase name="initializationError" classname="com.swust.glsc.user.GlscUserApplicationTests" time="0">
    <error message="Method contextLoads() should be public" type="java.lang.Exception">java.lang.Exception: Method contextLoads() should be public
</error>
  </testcase>
</testsuite>